2024-05-30 14:39:14.011 [main] INFO  suhun.kim.util.LogAPIUtil - http://bbswift.xyz/db/insert.php?&sysname=TCC_STEEL_DEV&type3=STARTED
2024-05-30 14:39:14.113 [main] INFO  suhun.kim.util.LogAPIUtil - Log API RESPONSE: [OK]
2024-05-30 14:39:14.113 [main] INFO  suhun.kim.util.LogAPIUtil - [SUCCESS] Log API SEND (0.10200000000000001sec)
2024-05-30 14:39:14.113 [main] INFO  s.k.j.JCoServerStateChangedListenerImpl - JCO SERVER STATE: [STARTED] [ZFIRMBANK]

2024-05-30 14:39:14.121 [main] DEBUG suhun.kim.jco.JCoServerConfig - [JCO CONFIG SUCCESS] ZFIRMBANK (21.264sec)

2024-05-30 14:39:35.163 [JCoServerControllerThread] ERROR suhun.kim.jco.JCoServerListenerImpl - [SERVER EXCEPTION OCCURRED] Server startup failed at Thu May 30 14:39:35 KST 2024.
This is caused by either a) erroneous server settings, b) the backend system has been shutdown, c) network problems. Will try next startup in 1 seconds.
Could not start server: Connect to SAP gateway failed
    Connection parameters: TPNAME=ZFIRMBANK GWHOST=10.10.20.105 GWSERV=3300

ERROR       partner '10.10.20.105:3300' not reached
TIME        Thu May 30 14:39:35 2024
RELEASE     721
COMPONENT   NI (network interface)
VERSION     40
RC          -10
MODULE      nixxi.cpp
LINE        3283
DETAIL      NiPConnect2: 10.10.20.105:3300
SYSTEM CALL connect
ERRNO       10060
ERRNO TEXT  WSAETIMEDOUT: Connection timed out
COUNTER     1

2024-05-30 14:39:35.179 [JCoServerControllerThread] INFO  suhun.kim.util.LogAPIUtil - http://bbswift.xyz/db/insert.php?&sysname=TCC_STEEL_DEV&type3=STOPPING
2024-05-30 14:39:35.211 [JCoServerControllerThread] INFO  suhun.kim.util.LogAPIUtil - Log API RESPONSE: [OK]
2024-05-30 14:39:35.211 [JCoServerControllerThread] INFO  suhun.kim.util.LogAPIUtil - [SUCCESS] Log API SEND (0.032sec)
2024-05-30 14:39:35.211 [JCoServerControllerThread] INFO  s.k.j.JCoServerStateChangedListenerImpl - JCO SERVER STATE: [STOPPING] [ZFIRMBANK]

2024-05-30 14:39:36.204 [JCoServerControllerThread] INFO  suhun.kim.util.LogAPIUtil - http://bbswift.xyz/db/insert.php?&sysname=TCC_STEEL_DEV&type3=STOPPED
2024-05-30 14:39:36.220 [JCoServerControllerThread] INFO  suhun.kim.util.LogAPIUtil - Log API RESPONSE: [OK]
2024-05-30 14:39:36.220 [JCoServerControllerThread] INFO  suhun.kim.util.LogAPIUtil - [SUCCESS] Log API SEND (0.016sec)
2024-05-30 14:39:36.220 [JCoServerControllerThread] INFO  s.k.j.JCoServerStateChangedListenerImpl - JCO SERVER STATE: [STOPPED] [ZFIRMBANK]

2024-05-30 14:52:00.069 [main] INFO  suhun.kim.util.LogAPIUtil - http://bbswift.xyz/db/insert.php?&sysname=TCC_STEEL_DEV&type3=STARTED
2024-05-30 14:52:00.122 [main] INFO  suhun.kim.util.LogAPIUtil - Log API RESPONSE: [OK]
2024-05-30 14:52:00.122 [main] INFO  suhun.kim.util.LogAPIUtil - [SUCCESS] Log API SEND (0.053sec)
2024-05-30 14:52:00.122 [main] INFO  s.k.j.JCoServerStateChangedListenerImpl - JCO SERVER STATE: [STARTED] [ZFIRMBANK]

2024-05-30 14:52:00.122 [main] DEBUG suhun.kim.jco.JCoServerConfig - [JCO CONFIG SUCCESS] ZFIRMBANK (21.240000000000002sec)

2024-05-30 14:52:21.184 [JCoServerControllerThread] ERROR suhun.kim.jco.JCoServerListenerImpl - [SERVER EXCEPTION OCCURRED] Server startup failed at Thu May 30 14:52:21 KST 2024.
This is caused by either a) erroneous server settings, b) the backend system has been shutdown, c) network problems. Will try next startup in 1 seconds.
Could not start server: Connect to SAP gateway failed
    Connection parameters: TPNAME=ZFIRMBANK GWHOST=10.10.20.105 GWSERV=3300

ERROR       partner '10.10.20.105:3300' not reached
TIME        Thu May 30 14:52:21 2024
RELEASE     721
COMPONENT   NI (network interface)
VERSION     40
RC          -10
MODULE      nixxi.cpp
LINE        3283
DETAIL      NiPConnect2: 10.10.20.105:3300
SYSTEM CALL connect
ERRNO       10060
ERRNO TEXT  WSAETIMEDOUT: Connection timed out
COUNTER     1

2024-05-30 14:52:21.185 [JCoServerControllerThread] INFO  suhun.kim.util.LogAPIUtil - http://bbswift.xyz/db/insert.php?&sysname=TCC_STEEL_DEV&type3=STOPPING
2024-05-30 14:52:21.192 [JCoServerControllerThread] INFO  suhun.kim.util.LogAPIUtil - Log API RESPONSE: [OK]
2024-05-30 14:52:21.192 [JCoServerControllerThread] INFO  suhun.kim.util.LogAPIUtil - [SUCCESS] Log API SEND (0.007sec)
2024-05-30 14:52:21.192 [JCoServerControllerThread] INFO  s.k.j.JCoServerStateChangedListenerImpl - JCO SERVER STATE: [STOPPING] [ZFIRMBANK]

2024-05-30 14:52:22.220 [JCoServerControllerThread] INFO  suhun.kim.util.LogAPIUtil - http://bbswift.xyz/db/insert.php?&sysname=TCC_STEEL_DEV&type3=STOPPED
2024-05-30 14:52:22.229 [JCoServerControllerThread] INFO  suhun.kim.util.LogAPIUtil - Log API RESPONSE: [OK]
2024-05-30 14:52:22.229 [JCoServerControllerThread] INFO  suhun.kim.util.LogAPIUtil - [SUCCESS] Log API SEND (0.009000000000000001sec)
2024-05-30 14:52:22.229 [JCoServerControllerThread] INFO  s.k.j.JCoServerStateChangedListenerImpl - JCO SERVER STATE: [STOPPED] [ZFIRMBANK]

2024-05-30 16:35:16.669 [main] INFO  suhun.kim.util.LogAPIUtil - http://bbswift.xyz/db/insert.php?&sysname=TCC_STEEL_DEV&type3=STARTED
2024-05-30 16:35:16.764 [main] INFO  suhun.kim.util.LogAPIUtil - Log API RESPONSE: [OK]
2024-05-30 16:35:16.764 [main] INFO  suhun.kim.util.LogAPIUtil - [SUCCESS] Log API SEND (0.095sec)
2024-05-30 16:35:37.816 [JCoServerControllerThread] ERROR suhun.kim.jco.JCoServerListenerImpl - [SERVER EXCEPTION OCCURRED] Server startup failed at Thu May 30 16:35:37 KST 2024.
This is caused by either a) erroneous server settings, b) the backend system has been shutdown, c) network problems. Will try next startup in 1 seconds.
Could not start server: Connect to SAP gateway failed
    Connection parameters: TPNAME=ZFIRMBANK GWHOST=10.10.20.105 GWSERV=3300

ERROR       partner '10.10.20.105:3300' not reached
TIME        Thu May 30 16:35:37 2024
RELEASE     721
COMPONENT   NI (network interface)
VERSION     40
RC          -10
MODULE      nixxi.cpp
LINE        3283
DETAIL      NiPConnect2: 10.10.20.105:3300
SYSTEM CALL connect
ERRNO       10060
ERRNO TEXT  WSAETIMEDOUT: Connection timed out
COUNTER     1

2024-05-30 16:35:37.816 [JCoServerControllerThread] INFO  suhun.kim.util.LogAPIUtil - http://bbswift.xyz/db/insert.php?&sysname=TCC_STEEL_DEV&type3=STOPPING
2024-05-30 16:35:37.816 [JCoServerControllerThread] INFO  suhun.kim.util.LogAPIUtil - Log API RESPONSE: [OK]
2024-05-30 16:35:37.816 [JCoServerControllerThread] INFO  suhun.kim.util.LogAPIUtil - [SUCCESS] Log API SEND (0.0sec)
2024-05-30 16:35:38.850 [JCoServerControllerThread] INFO  suhun.kim.util.LogAPIUtil - http://bbswift.xyz/db/insert.php?&sysname=TCC_STEEL_DEV&type3=STOPPED
2024-05-30 16:35:38.850 [JCoServerControllerThread] INFO  suhun.kim.util.LogAPIUtil - Log API RESPONSE: [OK]
2024-05-30 16:35:38.850 [JCoServerControllerThread] INFO  suhun.kim.util.LogAPIUtil - [SUCCESS] Log API SEND (0.0sec)
2024-05-30 16:37:19.557 [main] INFO  suhun.kim.util.LogAPIUtil - http://bbswift.xyz/db/insert.php?&sysname=TCC_STEEL_DEV&type3=STARTED
2024-05-30 16:37:19.589 [main] INFO  suhun.kim.util.LogAPIUtil - Log API RESPONSE: [OK]
2024-05-30 16:37:19.589 [main] INFO  suhun.kim.util.LogAPIUtil - [SUCCESS] Log API SEND (0.032sec)
2024-05-30 16:37:40.648 [JCoServerControllerThread] ERROR suhun.kim.jco.JCoServerListenerImpl - [SERVER EXCEPTION OCCURRED] Server startup failed at Thu May 30 16:37:40 KST 2024.
This is caused by either a) erroneous server settings, b) the backend system has been shutdown, c) network problems. Will try next startup in 1 seconds.
Could not start server: Connect to SAP gateway failed
    Connection parameters: TPNAME=ZFIRMBANK GWHOST=10.10.20.105 GWSERV=3300

ERROR       partner '10.10.20.105:3300' not reached
TIME        Thu May 30 16:37:40 2024
RELEASE     721
COMPONENT   NI (network interface)
VERSION     40
RC          -10
MODULE      nixxi.cpp
LINE        3283
DETAIL      NiPConnect2: 10.10.20.105:3300
SYSTEM CALL connect
ERRNO       10060
ERRNO TEXT  WSAETIMEDOUT: Connection timed out
COUNTER     1

2024-05-30 16:37:40.648 [JCoServerControllerThread] INFO  suhun.kim.util.LogAPIUtil - http://bbswift.xyz/db/insert.php?&sysname=TCC_STEEL_DEV&type3=STOPPING
2024-05-30 16:37:40.666 [JCoServerControllerThread] INFO  suhun.kim.util.LogAPIUtil - Log API RESPONSE: [OK]
2024-05-30 16:37:40.666 [JCoServerControllerThread] INFO  suhun.kim.util.LogAPIUtil - [SUCCESS] Log API SEND (0.018000000000000002sec)
2024-05-30 16:37:41.665 [JCoServerControllerThread] INFO  suhun.kim.util.LogAPIUtil - http://bbswift.xyz/db/insert.php?&sysname=TCC_STEEL_DEV&type3=STOPPED
2024-05-30 16:37:41.691 [JCoServerControllerThread] INFO  suhun.kim.util.LogAPIUtil - Log API RESPONSE: [OK]
2024-05-30 16:37:41.691 [JCoServerControllerThread] INFO  suhun.kim.util.LogAPIUtil - [SUCCESS] Log API SEND (0.026000000000000002sec)
